/home/liangao/miniconda3/envs/openmmlab/lib/python3.9/site-packages/torch/distributed/launch.py:181: FutureWarning: The module torch.distributed.launch is deprecated
and will be removed in future. Use torchrun.
Note that --use-env is set by default in torchrun.
If your script expects `--local-rank` argument to be set, please
change it to read from `os.environ['LOCAL_RANK']` instead. See 
https://pytorch.org/docs/stable/distributed.html#launch-utility for 
further instructions

  warnings.warn(
[2024-12-19 13:58:18,812] torch.distributed.run: [WARNING] 
[2024-12-19 13:58:18,812] torch.distributed.run: [WARNING] *****************************************
[2024-12-19 13:58:18,812] torch.distributed.run: [WARNING] Setting OMP_NUM_THREADS environment variable for each process to be 1 in default, to avoid your system being overloaded, please further tune the variable for optimal performance in your application as needed. 
[2024-12-19 13:58:18,812] torch.distributed.run: [WARNING] *****************************************
xFormers not available
xFormers not available
xFormers not available
xFormers not available
[2024-12-19 13:58:22.314] [ouster::sensor] [info] parsing legacy metadata format
[2024-12-19 13:58:22.334] [ouster::sensor] [info] parsing legacy metadata format
[2024-12-19 13:58:22,338][    INFO] {'bs': 2,
 'dataset': 'm3ed',
 'encoder': 'vits',
 'epochs': 120,
 'img_size': 518,
 'local_rank': 0,
 'lr': 5e-06,
 'max_depth': 90.0,
 'min_depth': 0.001,
 'ngpus': 2,
 'port': 20596,
 'pretrained_from': './depth_anything_v2_vits.pth',
 'save_path': 'exp/m3ed'}

[2024-12-19 13:58:22.341] [ouster::sensor] [info] parsing legacy metadata format
[2024-12-19 13:58:22.364] [ouster::sensor] [info] parsing legacy metadata format
[2024-12-19 13:58:23,389][    INFO] ===========> Epoch: 0/120, d1: 0.000, d2: 0.000, d3: 0.000
[2024-12-19 13:58:23,389][    INFO] ===========> Epoch: 0/120, abs_rel: 100.000, sq_rel: 100.000, rmse: 100.000, rmse_log: 100.000, log10: 100.000, silog: 100.000
/home/liangao/miniconda3/envs/openmmlab/lib/python3.9/site-packages/torch/autograd/__init__.py:251: UserWarning: Grad strides do not match bucket view strides. This may indicate grad was not created according to the gradient layout contract, or that the param's strides changed since DDP was constructed.  This is not an error, but may impair performance.
grad.sizes() = [1, 32, 1, 1], strides() = [32, 1, 32, 32]
bucket_view.sizes() = [1, 32, 1, 1], strides() = [32, 1, 1, 1] (Triggered internally at ../torch/csrc/distributed/c10d/reducer.cpp:320.)
  Variable._execution_engine.run_backward(  # Calls into the C++ engine to run the backward pass
/home/liangao/miniconda3/envs/openmmlab/lib/python3.9/site-packages/torch/autograd/__init__.py:251: UserWarning: Grad strides do not match bucket view strides. This may indicate grad was not created according to the gradient layout contract, or that the param's strides changed since DDP was constructed.  This is not an error, but may impair performance.
grad.sizes() = [1, 32, 1, 1], strides() = [32, 1, 32, 32]
bucket_view.sizes() = [1, 32, 1, 1], strides() = [32, 1, 1, 1] (Triggered internally at ../torch/csrc/distributed/c10d/reducer.cpp:320.)
  Variable._execution_engine.run_backward(  # Calls into the C++ engine to run the backward pass
[2024-12-19 13:58:27,478][    INFO] Iter: 0/745, LR: 0.0000050, Loss: 4.075
[2024-12-19 13:59:40,899][    INFO] Iter: 100/745, LR: 0.0000050, Loss: 0.318
[2024-12-19 14:00:54,996][    INFO] Iter: 200/745, LR: 0.0000050, Loss: 0.284
[2024-12-19 14:02:09,588][    INFO] Iter: 300/745, LR: 0.0000050, Loss: 0.262
[2024-12-19 14:03:24,064][    INFO] Iter: 400/745, LR: 0.0000050, Loss: 0.170
[2024-12-19 14:04:38,504][    INFO] Iter: 500/745, LR: 0.0000050, Loss: 0.172
[2024-12-19 14:05:52,939][    INFO] Iter: 600/745, LR: 0.0000050, Loss: 0.128
[2024-12-19 14:07:07,326][    INFO] Iter: 700/745, LR: 0.0000050, Loss: 0.172
[2024-12-19 14:10:38,072][    INFO] ==========================================================================================
[2024-12-19 14:10:38,072][    INFO]       d1,       d2,       d3,  abs_rel,   sq_rel,     rmse, rmse_log,    log10,    silog
[2024-12-19 14:10:38,072][    INFO]    0.851,    0.978,    0.994,    0.149,    0.007,    0.054,    0.191,    0.070,    0.164
[2024-12-19 14:10:38,072][    INFO] ==========================================================================================

[2024-12-19 14:10:38,451][    INFO] ===========> Epoch: 1/120, d1: 0.851, d2: 0.978, d3: 0.994
[2024-12-19 14:10:38,451][    INFO] ===========> Epoch: 1/120, abs_rel: 0.149, sq_rel: 0.007, rmse: 0.054, rmse_log: 0.191, log10: 0.070, silog: 0.164
[2024-12-19 14:10:39,742][    INFO] Iter: 0/745, LR: 0.0000050, Loss: 0.149
[2024-12-19 14:11:54,062][    INFO] Iter: 100/745, LR: 0.0000050, Loss: 0.191
[2024-12-19 14:13:08,446][    INFO] Iter: 200/745, LR: 0.0000050, Loss: 0.155
[2024-12-19 14:14:22,830][    INFO] Iter: 300/745, LR: 0.0000049, Loss: 0.111
[2024-12-19 14:15:37,184][    INFO] Iter: 400/745, LR: 0.0000049, Loss: 0.149
[2024-12-19 14:16:51,567][    INFO] Iter: 500/745, LR: 0.0000049, Loss: 0.098
[2024-12-19 14:18:05,956][    INFO] Iter: 600/745, LR: 0.0000049, Loss: 0.097
[2024-12-19 14:19:20,323][    INFO] Iter: 700/745, LR: 0.0000049, Loss: 0.101
[2024-12-19 14:22:50,899][    INFO] ==========================================================================================
[2024-12-19 14:22:50,899][    INFO]       d1,       d2,       d3,  abs_rel,   sq_rel,     rmse, rmse_log,    log10,    silog
[2024-12-19 14:22:50,900][    INFO]    0.952,    0.989,    0.996,    0.067,    0.004,    0.038,    0.112,    0.030,    0.109
[2024-12-19 14:22:50,900][    INFO] ==========================================================================================

[2024-12-19 14:22:51,443][    INFO] ===========> Epoch: 2/120, d1: 0.952, d2: 0.989, d3: 0.996
[2024-12-19 14:22:51,444][    INFO] ===========> Epoch: 2/120, abs_rel: 0.067, sq_rel: 0.004, rmse: 0.038, rmse_log: 0.112, log10: 0.030, silog: 0.109
[2024-12-19 14:22:52,744][    INFO] Iter: 0/745, LR: 0.0000049, Loss: 0.119
[2024-12-19 14:24:07,157][    INFO] Iter: 100/745, LR: 0.0000049, Loss: 0.128
[2024-12-19 14:25:21,606][    INFO] Iter: 200/745, LR: 0.0000049, Loss: 0.128
[2024-12-19 14:26:36,071][    INFO] Iter: 300/745, LR: 0.0000049, Loss: 0.084
[2024-12-19 14:27:50,425][    INFO] Iter: 400/745, LR: 0.0000049, Loss: 0.132
[2024-12-19 14:29:04,749][    INFO] Iter: 500/745, LR: 0.0000049, Loss: 0.107
[2024-12-19 14:30:19,032][    INFO] Iter: 600/745, LR: 0.0000049, Loss: 0.110
[2024-12-19 14:31:33,342][    INFO] Iter: 700/745, LR: 0.0000049, Loss: 0.118
[2024-12-19 14:35:03,972][    INFO] ==========================================================================================
[2024-12-19 14:35:03,972][    INFO]       d1,       d2,       d3,  abs_rel,   sq_rel,     rmse, rmse_log,    log10,    silog
[2024-12-19 14:35:03,973][    INFO]    0.925,    0.989,    0.997,    0.130,    0.005,    0.047,    0.161,    0.061,    0.132
[2024-12-19 14:35:03,973][    INFO] ==========================================================================================

[2024-12-19 14:35:04,526][    INFO] ===========> Epoch: 3/120, d1: 0.952, d2: 0.989, d3: 0.997
[2024-12-19 14:35:04,526][    INFO] ===========> Epoch: 3/120, abs_rel: 0.067, sq_rel: 0.004, rmse: 0.038, rmse_log: 0.112, log10: 0.030, silog: 0.109
[2024-12-19 14:35:05,797][    INFO] Iter: 0/745, LR: 0.0000049, Loss: 0.117
[2024-12-19 14:36:20,160][    INFO] Iter: 100/745, LR: 0.0000049, Loss: 0.109
[2024-12-19 14:37:34,500][    INFO] Iter: 200/745, LR: 0.0000049, Loss: 0.075
[2024-12-19 14:38:48,754][    INFO] Iter: 300/745, LR: 0.0000049, Loss: 0.125
[2024-12-19 14:40:03,053][    INFO] Iter: 400/745, LR: 0.0000049, Loss: 0.081
[2024-12-19 14:41:17,335][    INFO] Iter: 500/745, LR: 0.0000049, Loss: 0.121
[2024-12-19 14:42:31,664][    INFO] Iter: 600/745, LR: 0.0000049, Loss: 0.106
[2024-12-19 14:43:45,982][    INFO] Iter: 700/745, LR: 0.0000049, Loss: 0.097
[2024-12-19 14:47:16,421][    INFO] ==========================================================================================
[2024-12-19 14:47:16,422][    INFO]       d1,       d2,       d3,  abs_rel,   sq_rel,     rmse, rmse_log,    log10,    silog
[2024-12-19 14:47:16,423][    INFO]    0.973,    0.993,    0.998,    0.048,    0.002,    0.029,    0.086,    0.020,    0.086
[2024-12-19 14:47:16,423][    INFO] ==========================================================================================

[2024-12-19 14:47:16,948][    INFO] ===========> Epoch: 4/120, d1: 0.973, d2: 0.993, d3: 0.998
[2024-12-19 14:47:16,948][    INFO] ===========> Epoch: 4/120, abs_rel: 0.048, sq_rel: 0.002, rmse: 0.029, rmse_log: 0.086, log10: 0.020, silog: 0.086
[2024-12-19 14:47:18,174][    INFO] Iter: 0/745, LR: 0.0000048, Loss: 0.078
[2024-12-19 14:48:32,528][    INFO] Iter: 100/745, LR: 0.0000048, Loss: 0.092
[2024-12-19 14:49:46,865][    INFO] Iter: 200/745, LR: 0.0000048, Loss: 0.073
[2024-12-19 14:51:01,190][    INFO] Iter: 300/745, LR: 0.0000048, Loss: 0.077
[2024-12-19 14:52:15,494][    INFO] Iter: 400/745, LR: 0.0000048, Loss: 0.072
[2024-12-19 14:53:29,883][    INFO] Iter: 500/745, LR: 0.0000048, Loss: 0.077
[2024-12-19 14:54:44,201][    INFO] Iter: 600/745, LR: 0.0000048, Loss: 0.099
[2024-12-19 14:55:58,223][    INFO] Iter: 700/745, LR: 0.0000048, Loss: 0.087
[2024-12-19 14:59:28,633][    INFO] ==========================================================================================
[2024-12-19 14:59:28,633][    INFO]       d1,       d2,       d3,  abs_rel,   sq_rel,     rmse, rmse_log,    log10,    silog
[2024-12-19 14:59:28,634][    INFO]    0.964,    0.994,    0.998,    0.096,    0.003,    0.037,    0.121,    0.044,    0.103
[2024-12-19 14:59:28,634][    INFO] ==========================================================================================

[2024-12-19 14:59:29,185][    INFO] ===========> Epoch: 5/120, d1: 0.973, d2: 0.994, d3: 0.998
[2024-12-19 14:59:29,186][    INFO] ===========> Epoch: 5/120, abs_rel: 0.048, sq_rel: 0.002, rmse: 0.029, rmse_log: 0.086, log10: 0.020, silog: 0.086
[2024-12-19 14:59:30,453][    INFO] Iter: 0/745, LR: 0.0000048, Loss: 0.117
[2024-12-19 15:00:44,691][    INFO] Iter: 100/745, LR: 0.0000048, Loss: 0.098
[2024-12-19 15:01:59,052][    INFO] Iter: 200/745, LR: 0.0000048, Loss: 0.083
[2024-12-19 15:03:13,338][    INFO] Iter: 300/745, LR: 0.0000048, Loss: 0.069
[2024-12-19 15:04:27,711][    INFO] Iter: 400/745, LR: 0.0000048, Loss: 0.073
[2024-12-19 15:05:42,055][    INFO] Iter: 500/745, LR: 0.0000048, Loss: 0.109
[2024-12-19 15:06:56,381][    INFO] Iter: 600/745, LR: 0.0000048, Loss: 0.087
[2024-12-19 15:08:10,720][    INFO] Iter: 700/745, LR: 0.0000048, Loss: 0.092
[2024-12-19 15:11:41,175][    INFO] ==========================================================================================
[2024-12-19 15:11:41,175][    INFO]       d1,       d2,       d3,  abs_rel,   sq_rel,     rmse, rmse_log,    log10,    silog
[2024-12-19 15:11:41,176][    INFO]    0.981,    0.995,    0.998,    0.039,    0.002,    0.026,    0.075,    0.017,    0.074
[2024-12-19 15:11:41,176][    INFO] ==========================================================================================

[2024-12-19 15:11:41,709][    INFO] ===========> Epoch: 6/120, d1: 0.981, d2: 0.995, d3: 0.998
[2024-12-19 15:11:41,710][    INFO] ===========> Epoch: 6/120, abs_rel: 0.039, sq_rel: 0.002, rmse: 0.026, rmse_log: 0.075, log10: 0.017, silog: 0.074
[2024-12-19 15:11:42,954][    INFO] Iter: 0/745, LR: 0.0000048, Loss: 0.053
[2024-12-19 15:12:57,310][    INFO] Iter: 100/745, LR: 0.0000048, Loss: 0.065
[2024-12-19 15:14:11,615][    INFO] Iter: 200/745, LR: 0.0000048, Loss: 0.120
[2024-12-19 15:15:25,936][    INFO] Iter: 300/745, LR: 0.0000048, Loss: 0.078
[2024-12-19 15:16:40,268][    INFO] Iter: 400/745, LR: 0.0000048, Loss: 0.099
[2024-12-19 15:17:54,592][    INFO] Iter: 500/745, LR: 0.0000047, Loss: 0.102
[2024-12-19 15:19:08,921][    INFO] Iter: 600/745, LR: 0.0000047, Loss: 0.070
[2024-12-19 15:20:23,247][    INFO] Iter: 700/745, LR: 0.0000047, Loss: 0.065
[2024-12-19 15:23:53,595][    INFO] ==========================================================================================
[2024-12-19 15:23:53,595][    INFO]       d1,       d2,       d3,  abs_rel,   sq_rel,     rmse, rmse_log,    log10,    silog
[2024-12-19 15:23:53,595][    INFO]    0.985,    0.996,    0.999,    0.043,    0.001,    0.023,    0.071,    0.018,    0.069
[2024-12-19 15:23:53,595][    INFO] ==========================================================================================

[2024-12-19 15:23:54,133][    INFO] ===========> Epoch: 7/120, d1: 0.985, d2: 0.996, d3: 0.999
[2024-12-19 15:23:54,133][    INFO] ===========> Epoch: 7/120, abs_rel: 0.039, sq_rel: 0.001, rmse: 0.023, rmse_log: 0.071, log10: 0.017, silog: 0.069
[2024-12-19 15:23:55,442][    INFO] Iter: 0/745, LR: 0.0000047, Loss: 0.074
[2024-12-19 15:25:09,805][    INFO] Iter: 100/745, LR: 0.0000047, Loss: 0.062
[2024-12-19 15:26:24,128][    INFO] Iter: 200/745, LR: 0.0000047, Loss: 0.070
[2024-12-19 15:27:38,431][    INFO] Iter: 300/745, LR: 0.0000047, Loss: 0.067
[2024-12-19 15:28:52,749][    INFO] Iter: 400/745, LR: 0.0000047, Loss: 0.065
[2024-12-19 15:30:07,082][    INFO] Iter: 500/745, LR: 0.0000047, Loss: 0.057
[2024-12-19 15:31:21,399][    INFO] Iter: 600/745, LR: 0.0000047, Loss: 0.091
[2024-12-19 15:32:35,710][    INFO] Iter: 700/745, LR: 0.0000047, Loss: 0.112
[2024-12-19 15:36:06,342][    INFO] ==========================================================================================
[2024-12-19 15:36:06,342][    INFO]       d1,       d2,       d3,  abs_rel,   sq_rel,     rmse, rmse_log,    log10,    silog
[2024-12-19 15:36:06,343][    INFO]    0.981,    0.996,    0.999,    0.058,    0.002,    0.024,    0.081,    0.024,    0.077
[2024-12-19 15:36:06,343][    INFO] ==========================================================================================

[2024-12-19 15:36:06,836][    INFO] ===========> Epoch: 8/120, d1: 0.985, d2: 0.996, d3: 0.999
[2024-12-19 15:36:06,836][    INFO] ===========> Epoch: 8/120, abs_rel: 0.039, sq_rel: 0.001, rmse: 0.023, rmse_log: 0.071, log10: 0.017, silog: 0.069
[2024-12-19 15:36:08,179][    INFO] Iter: 0/745, LR: 0.0000047, Loss: 0.077
[2024-12-19 15:37:22,662][    INFO] Iter: 100/745, LR: 0.0000047, Loss: 0.054
[2024-12-19 15:38:37,085][    INFO] Iter: 200/745, LR: 0.0000047, Loss: 0.083
[2024-12-19 15:39:51,306][    INFO] Iter: 300/745, LR: 0.0000047, Loss: 0.050
[2024-12-19 15:41:05,721][    INFO] Iter: 400/745, LR: 0.0000047, Loss: 0.073
[2024-12-19 15:42:20,104][    INFO] Iter: 500/745, LR: 0.0000047, Loss: 0.089
[2024-12-19 15:43:34,481][    INFO] Iter: 600/745, LR: 0.0000047, Loss: 0.060
[2024-12-19 15:44:48,901][    INFO] Iter: 700/745, LR: 0.0000047, Loss: 0.113
[2024-12-19 15:48:19,702][    INFO] ==========================================================================================
[2024-12-19 15:48:19,703][    INFO]       d1,       d2,       d3,  abs_rel,   sq_rel,     rmse, rmse_log,    log10,    silog
[2024-12-19 15:48:19,703][    INFO]    0.982,    0.997,    0.999,    0.071,    0.002,    0.030,    0.091,    0.032,    0.079
[2024-12-19 15:48:19,703][    INFO] ==========================================================================================

[2024-12-19 15:48:20,228][    INFO] ===========> Epoch: 9/120, d1: 0.985, d2: 0.997, d3: 0.999
[2024-12-19 15:48:20,228][    INFO] ===========> Epoch: 9/120, abs_rel: 0.039, sq_rel: 0.001, rmse: 0.023, rmse_log: 0.071, log10: 0.017, silog: 0.069
[2024-12-19 15:48:21,503][    INFO] Iter: 0/745, LR: 0.0000047, Loss: 0.100
[2024-12-19 15:49:35,926][    INFO] Iter: 100/745, LR: 0.0000047, Loss: 0.085
[2024-12-19 15:50:50,321][    INFO] Iter: 200/745, LR: 0.0000047, Loss: 0.114
[2024-12-19 15:52:04,713][    INFO] Iter: 300/745, LR: 0.0000046, Loss: 0.106
[2024-12-19 15:53:19,133][    INFO] Iter: 400/745, LR: 0.0000046, Loss: 0.050
[2024-12-19 15:54:33,517][    INFO] Iter: 500/745, LR: 0.0000046, Loss: 0.050
[2024-12-19 15:55:47,885][    INFO] Iter: 600/745, LR: 0.0000046, Loss: 0.045
[2024-12-19 15:57:02,254][    INFO] Iter: 700/745, LR: 0.0000046, Loss: 0.059
[2024-12-19 16:00:32,751][    INFO] ==========================================================================================
[2024-12-19 16:00:32,751][    INFO]       d1,       d2,       d3,  abs_rel,   sq_rel,     rmse, rmse_log,    log10,    silog
[2024-12-19 16:00:32,752][    INFO]    0.992,    0.998,    0.999,    0.049,    0.001,    0.020,    0.066,    0.021,    0.061
[2024-12-19 16:00:32,752][    INFO] ==========================================================================================

[2024-12-19 16:00:34,264][    INFO] ===========> Epoch: 10/120, d1: 0.992, d2: 0.998, d3: 0.999
[2024-12-19 16:00:34,264][    INFO] ===========> Epoch: 10/120, abs_rel: 0.039, sq_rel: 0.001, rmse: 0.020, rmse_log: 0.066, log10: 0.017, silog: 0.061
[2024-12-19 16:00:35,501][    INFO] Iter: 0/745, LR: 0.0000046, Loss: 0.060
[2024-12-19 16:01:49,984][    INFO] Iter: 100/745, LR: 0.0000046, Loss: 0.080
[2024-12-19 16:03:04,424][    INFO] Iter: 200/745, LR: 0.0000046, Loss: 0.047
[2024-12-19 16:04:18,815][    INFO] Iter: 300/745, LR: 0.0000046, Loss: 0.098
[2024-12-19 16:05:33,196][    INFO] Iter: 400/745, LR: 0.0000046, Loss: 0.037
[2024-12-19 16:06:47,578][    INFO] Iter: 500/745, LR: 0.0000046, Loss: 0.057
[2024-12-19 16:08:01,971][    INFO] Iter: 600/745, LR: 0.0000046, Loss: 0.052
[2024-12-19 16:09:16,333][    INFO] Iter: 700/745, LR: 0.0000046, Loss: 0.064
[2024-12-19 16:12:46,881][    INFO] ==========================================================================================
[2024-12-19 16:12:46,881][    INFO]       d1,       d2,       d3,  abs_rel,   sq_rel,     rmse, rmse_log,    log10,    silog
[2024-12-19 16:12:46,882][    INFO]    0.992,    0.998,    0.999,    0.034,    0.001,    0.021,    0.059,    0.015,    0.056
[2024-12-19 16:12:46,882][    INFO] ==========================================================================================

[2024-12-19 16:12:47,522][    INFO] ===========> Epoch: 11/120, d1: 0.992, d2: 0.998, d3: 0.999
[2024-12-19 16:12:47,523][    INFO] ===========> Epoch: 11/120, abs_rel: 0.034, sq_rel: 0.001, rmse: 0.020, rmse_log: 0.059, log10: 0.015, silog: 0.056
[2024-12-19 16:12:48,733][    INFO] Iter: 0/745, LR: 0.0000046, Loss: 0.041
[2024-12-19 16:14:03,096][    INFO] Iter: 100/745, LR: 0.0000046, Loss: 0.073
[2024-12-19 16:15:17,464][    INFO] Iter: 200/745, LR: 0.0000046, Loss: 0.075
[2024-12-19 16:16:31,821][    INFO] Iter: 300/745, LR: 0.0000046, Loss: 0.082
[2024-12-19 16:17:46,127][    INFO] Iter: 400/745, LR: 0.0000046, Loss: 0.042
[2024-12-19 16:19:00,506][    INFO] Iter: 500/745, LR: 0.0000046, Loss: 0.038
[2024-12-19 16:20:14,890][    INFO] Iter: 600/745, LR: 0.0000046, Loss: 0.070
[2024-12-19 16:21:29,295][    INFO] Iter: 700/745, LR: 0.0000045, Loss: 0.058
[2024-12-19 16:25:00,008][    INFO] ==========================================================================================
[2024-12-19 16:25:00,009][    INFO]       d1,       d2,       d3,  abs_rel,   sq_rel,     rmse, rmse_log,    log10,    silog
[2024-12-19 16:25:00,010][    INFO]    0.994,    0.998,    0.999,    0.029,    0.001,    0.018,    0.052,    0.012,    0.051
[2024-12-19 16:25:00,010][    INFO] ==========================================================================================

[2024-12-19 16:25:01,085][    INFO] ===========> Epoch: 12/120, d1: 0.994, d2: 0.998, d3: 0.999
[2024-12-19 16:25:01,086][    INFO] ===========> Epoch: 12/120, abs_rel: 0.029, sq_rel: 0.001, rmse: 0.018, rmse_log: 0.052, log10: 0.012, silog: 0.051
[2024-12-19 16:25:02,334][    INFO] Iter: 0/745, LR: 0.0000045, Loss: 0.050
[2024-12-19 16:26:16,667][    INFO] Iter: 100/745, LR: 0.0000045, Loss: 0.036
[2024-12-19 16:27:31,027][    INFO] Iter: 200/745, LR: 0.0000045, Loss: 0.067
[2024-12-19 16:28:45,377][    INFO] Iter: 300/745, LR: 0.0000045, Loss: 0.045
[2024-12-19 16:29:59,737][    INFO] Iter: 400/745, LR: 0.0000045, Loss: 0.039
[2024-12-19 16:31:14,052][    INFO] Iter: 500/745, LR: 0.0000045, Loss: 0.036
[2024-12-19 16:32:28,393][    INFO] Iter: 600/745, LR: 0.0000045, Loss: 0.068
[2024-12-19 16:33:42,728][    INFO] Iter: 700/745, LR: 0.0000045, Loss: 0.068
[2024-12-19 16:37:13,414][    INFO] ==========================================================================================
[2024-12-19 16:37:13,414][    INFO]       d1,       d2,       d3,  abs_rel,   sq_rel,     rmse, rmse_log,    log10,    silog
[2024-12-19 16:37:13,414][    INFO]    0.990,    0.998,    0.999,    0.036,    0.001,    0.026,    0.064,    0.016,    0.061
[2024-12-19 16:37:13,414][    INFO] ==========================================================================================

[2024-12-19 16:37:14,429][    INFO] ===========> Epoch: 13/120, d1: 0.994, d2: 0.998, d3: 0.999
[2024-12-19 16:37:14,429][    INFO] ===========> Epoch: 13/120, abs_rel: 0.029, sq_rel: 0.001, rmse: 0.018, rmse_log: 0.052, log10: 0.012, silog: 0.051
[2024-12-19 16:37:15,659][    INFO] Iter: 0/745, LR: 0.0000045, Loss: 0.072
[2024-12-19 16:38:30,086][    INFO] Iter: 100/745, LR: 0.0000045, Loss: 0.043
[2024-12-19 16:39:44,480][    INFO] Iter: 200/745, LR: 0.0000045, Loss: 0.039
[2024-12-19 16:40:58,837][    INFO] Iter: 300/745, LR: 0.0000045, Loss: 0.047
[2024-12-19 16:42:13,189][    INFO] Iter: 400/745, LR: 0.0000045, Loss: 0.035
[2024-12-19 16:43:27,417][    INFO] Iter: 500/745, LR: 0.0000045, Loss: 0.029
[2024-12-19 16:44:41,764][    INFO] Iter: 600/745, LR: 0.0000045, Loss: 0.059
[2024-12-19 16:45:56,094][    INFO] Iter: 700/745, LR: 0.0000045, Loss: 0.055
[2024-12-19 16:49:26,878][    INFO] ==========================================================================================
[2024-12-19 16:49:26,878][    INFO]       d1,       d2,       d3,  abs_rel,   sq_rel,     rmse, rmse_log,    log10,    silog
[2024-12-19 16:49:26,879][    INFO]    0.992,    0.998,    0.999,    0.049,    0.001,    0.023,    0.068,    0.022,    0.060
[2024-12-19 16:49:26,879][    INFO] ==========================================================================================

[2024-12-19 16:49:28,042][    INFO] ===========> Epoch: 14/120, d1: 0.994, d2: 0.998, d3: 0.999
[2024-12-19 16:49:28,042][    INFO] ===========> Epoch: 14/120, abs_rel: 0.029, sq_rel: 0.001, rmse: 0.018, rmse_log: 0.052, log10: 0.012, silog: 0.051
[2024-12-19 16:49:29,269][    INFO] Iter: 0/745, LR: 0.0000045, Loss: 0.054
[2024-12-19 16:50:43,673][    INFO] Iter: 100/745, LR: 0.0000045, Loss: 0.044
[2024-12-19 16:51:58,056][    INFO] Iter: 200/745, LR: 0.0000045, Loss: 0.071
[2024-12-19 16:53:12,441][    INFO] Iter: 300/745, LR: 0.0000045, Loss: 0.061
[2024-12-19 16:54:26,809][    INFO] Iter: 400/745, LR: 0.0000045, Loss: 0.036
[2024-12-19 16:55:41,163][    INFO] Iter: 500/745, LR: 0.0000044, Loss: 0.043
[2024-12-19 16:56:55,569][    INFO] Iter: 600/745, LR: 0.0000044, Loss: 0.031
[2024-12-19 16:58:09,972][    INFO] Iter: 700/745, LR: 0.0000044, Loss: 0.031
[2024-12-19 17:01:40,968][    INFO] ==========================================================================================
[2024-12-19 17:01:40,968][    INFO]       d1,       d2,       d3,  abs_rel,   sq_rel,     rmse, rmse_log,    log10,    silog
[2024-12-19 17:01:40,968][    INFO]    0.995,    0.998,    0.999,    0.055,    0.001,    0.018,    0.067,    0.023,    0.060
[2024-12-19 17:01:40,968][    INFO] ==========================================================================================

[2024-12-19 17:01:42,674][    INFO] ===========> Epoch: 15/120, d1: 0.995, d2: 0.998, d3: 0.999
[2024-12-19 17:01:42,675][    INFO] ===========> Epoch: 15/120, abs_rel: 0.029, sq_rel: 0.001, rmse: 0.018, rmse_log: 0.052, log10: 0.012, silog: 0.051
[2024-12-19 17:01:43,943][    INFO] Iter: 0/745, LR: 0.0000044, Loss: 0.051
[2024-12-19 17:02:58,330][    INFO] Iter: 100/745, LR: 0.0000044, Loss: 0.034
[2024-12-19 17:04:12,721][    INFO] Iter: 200/745, LR: 0.0000044, Loss: 0.056
[2024-12-19 17:05:27,073][    INFO] Iter: 300/745, LR: 0.0000044, Loss: 0.062
[2024-12-19 17:06:41,407][    INFO] Iter: 400/745, LR: 0.0000044, Loss: 0.046
[2024-12-19 17:07:55,764][    INFO] Iter: 500/745, LR: 0.0000044, Loss: 0.065
[2024-12-19 17:09:10,108][    INFO] Iter: 600/745, LR: 0.0000044, Loss: 0.040
[2024-12-19 17:10:24,472][    INFO] Iter: 700/745, LR: 0.0000044, Loss: 0.046
[2024-12-19 17:13:55,149][    INFO] ==========================================================================================
[2024-12-19 17:13:55,149][    INFO]       d1,       d2,       d3,  abs_rel,   sq_rel,     rmse, rmse_log,    log10,    silog
[2024-12-19 17:13:55,150][    INFO]    0.994,    0.999,    0.999,    0.036,    0.001,    0.021,    0.058,    0.016,    0.054
[2024-12-19 17:13:55,150][    INFO] ==========================================================================================

[2024-12-19 17:13:56,879][    INFO] ===========> Epoch: 16/120, d1: 0.995, d2: 0.999, d3: 0.999
[2024-12-19 17:13:56,879][    INFO] ===========> Epoch: 16/120, abs_rel: 0.029, sq_rel: 0.001, rmse: 0.018, rmse_log: 0.052, log10: 0.012, silog: 0.051
[2024-12-19 17:13:58,125][    INFO] Iter: 0/745, LR: 0.0000044, Loss: 0.050
[2024-12-19 17:15:12,596][    INFO] Iter: 100/745, LR: 0.0000044, Loss: 0.057
[2024-12-19 17:16:27,079][    INFO] Iter: 200/745, LR: 0.0000044, Loss: 0.062
[2024-12-19 17:17:41,480][    INFO] Iter: 300/745, LR: 0.0000044, Loss: 0.061
[2024-12-19 17:18:55,853][    INFO] Iter: 400/745, LR: 0.0000044, Loss: 0.049
[2024-12-19 17:20:10,247][    INFO] Iter: 500/745, LR: 0.0000044, Loss: 0.043
[2024-12-19 17:21:24,625][    INFO] Iter: 600/745, LR: 0.0000044, Loss: 0.036
[2024-12-19 17:22:38,998][    INFO] Iter: 700/745, LR: 0.0000044, Loss: 0.039
[2024-12-19 17:26:09,713][    INFO] ==========================================================================================
[2024-12-19 17:26:09,713][    INFO]       d1,       d2,       d3,  abs_rel,   sq_rel,     rmse, rmse_log,    log10,    silog
[2024-12-19 17:26:09,714][    INFO]    0.995,    0.999,    0.999,    0.034,    0.001,    0.017,    0.050,    0.014,    0.049
[2024-12-19 17:26:09,714][    INFO] ==========================================================================================

[2024-12-19 17:26:10,219][    INFO] ===========> Epoch: 17/120, d1: 0.995, d2: 0.999, d3: 0.999
[2024-12-19 17:26:10,219][    INFO] ===========> Epoch: 17/120, abs_rel: 0.029, sq_rel: 0.001, rmse: 0.017, rmse_log: 0.050, log10: 0.012, silog: 0.049
[2024-12-19 17:26:11,428][    INFO] Iter: 0/745, LR: 0.0000044, Loss: 0.059
[2024-12-19 17:27:25,783][    INFO] Iter: 100/745, LR: 0.0000044, Loss: 0.031
[2024-12-19 17:28:40,147][    INFO] Iter: 200/745, LR: 0.0000043, Loss: 0.055
[2024-12-19 17:29:54,478][    INFO] Iter: 300/745, LR: 0.0000043, Loss: 0.037
[2024-12-19 17:31:08,819][    INFO] Iter: 400/745, LR: 0.0000043, Loss: 0.057
[2024-12-19 17:32:23,135][    INFO] Iter: 500/745, LR: 0.0000043, Loss: 0.034
[2024-12-19 17:33:37,470][    INFO] Iter: 600/745, LR: 0.0000043, Loss: 0.054
[2024-12-19 17:34:51,832][    INFO] Iter: 700/745, LR: 0.0000043, Loss: 0.052
[2024-12-19 17:38:22,548][    INFO] ==========================================================================================
[2024-12-19 17:38:22,548][    INFO]       d1,       d2,       d3,  abs_rel,   sq_rel,     rmse, rmse_log,    log10,    silog
[2024-12-19 17:38:22,549][    INFO]    0.993,    0.999,    1.000,    0.041,    0.001,    0.023,    0.062,    0.018,    0.055
[2024-12-19 17:38:22,549][    INFO] ==========================================================================================

[2024-12-19 17:38:24,307][    INFO] ===========> Epoch: 18/120, d1: 0.995, d2: 0.999, d3: 1.000
[2024-12-19 17:38:24,307][    INFO] ===========> Epoch: 18/120, abs_rel: 0.029, sq_rel: 0.001, rmse: 0.017, rmse_log: 0.050, log10: 0.012, silog: 0.049
[2024-12-19 17:38:25,497][    INFO] Iter: 0/745, LR: 0.0000043, Loss: 0.035
[2024-12-19 17:39:39,974][    INFO] Iter: 100/745, LR: 0.0000043, Loss: 0.051
[2024-12-19 17:40:54,454][    INFO] Iter: 200/745, LR: 0.0000043, Loss: 0.024
[2024-12-19 17:42:08,905][    INFO] Iter: 300/745, LR: 0.0000043, Loss: 0.035
[2024-12-19 17:43:23,309][    INFO] Iter: 400/745, LR: 0.0000043, Loss: 0.042
[2024-12-19 17:44:37,711][    INFO] Iter: 500/745, LR: 0.0000043, Loss: 0.054
[2024-12-19 17:45:52,155][    INFO] Iter: 600/745, LR: 0.0000043, Loss: 0.063
[2024-12-19 17:47:06,425][    INFO] Iter: 700/745, LR: 0.0000043, Loss: 0.034
[2024-12-19 17:50:37,104][    INFO] ==========================================================================================
[2024-12-19 17:50:37,104][    INFO]       d1,       d2,       d3,  abs_rel,   sq_rel,     rmse, rmse_log,    log10,    silog
[2024-12-19 17:50:37,105][    INFO]    0.993,    0.999,    0.999,    0.027,    0.001,    0.020,    0.052,    0.012,    0.051
[2024-12-19 17:50:37,105][    INFO] ==========================================================================================

[2024-12-19 17:50:38,778][    INFO] ===========> Epoch: 19/120, d1: 0.995, d2: 0.999, d3: 1.000
[2024-12-19 17:50:38,778][    INFO] ===========> Epoch: 19/120, abs_rel: 0.027, sq_rel: 0.001, rmse: 0.017, rmse_log: 0.050, log10: 0.012, silog: 0.049
[2024-12-19 17:50:40,025][    INFO] Iter: 0/745, LR: 0.0000043, Loss: 0.050
[2024-12-19 17:51:54,482][    INFO] Iter: 100/745, LR: 0.0000043, Loss: 0.026
[2024-12-19 17:53:08,941][    INFO] Iter: 200/745, LR: 0.0000043, Loss: 0.043
[2024-12-19 17:54:23,462][    INFO] Iter: 300/745, LR: 0.0000043, Loss: 0.046
[2024-12-19 17:55:37,936][    INFO] Iter: 400/745, LR: 0.0000043, Loss: 0.042
[2024-12-19 17:56:52,333][    INFO] Iter: 500/745, LR: 0.0000043, Loss: 0.042
[2024-12-19 17:58:06,729][    INFO] Iter: 600/745, LR: 0.0000043, Loss: 0.043
[2024-12-19 17:59:21,140][    INFO] Iter: 700/745, LR: 0.0000042, Loss: 0.039
[2024-12-19 18:02:51,841][    INFO] ==========================================================================================
[2024-12-19 18:02:51,841][    INFO]       d1,       d2,       d3,  abs_rel,   sq_rel,     rmse, rmse_log,    log10,    silog
[2024-12-19 18:02:51,842][    INFO]    0.994,    0.999,    1.000,    0.031,    0.001,    0.020,    0.054,    0.014,    0.051
[2024-12-19 18:02:51,842][    INFO] ==========================================================================================

[2024-12-19 18:02:53,535][    INFO] ===========> Epoch: 20/120, d1: 0.995, d2: 0.999, d3: 1.000
[2024-12-19 18:02:53,535][    INFO] ===========> Epoch: 20/120, abs_rel: 0.027, sq_rel: 0.001, rmse: 0.017, rmse_log: 0.050, log10: 0.012, silog: 0.049
[2024-12-19 18:02:54,749][    INFO] Iter: 0/745, LR: 0.0000042, Loss: 0.035
[2024-12-19 18:04:09,109][    INFO] Iter: 100/745, LR: 0.0000042, Loss: 0.060
[2024-12-19 18:05:23,472][    INFO] Iter: 200/745, LR: 0.0000042, Loss: 0.040
[2024-12-19 18:06:37,810][    INFO] Iter: 300/745, LR: 0.0000042, Loss: 0.030
[2024-12-19 18:07:52,174][    INFO] Iter: 400/745, LR: 0.0000042, Loss: 0.048
[2024-12-19 18:09:06,530][    INFO] Iter: 500/745, LR: 0.0000042, Loss: 0.057
[2024-12-19 18:10:20,890][    INFO] Iter: 600/745, LR: 0.0000042, Loss: 0.062
[2024-12-19 18:11:35,234][    INFO] Iter: 700/745, LR: 0.0000042, Loss: 0.045
[2024-12-19 18:15:05,988][    INFO] ==========================================================================================
[2024-12-19 18:15:05,988][    INFO]       d1,       d2,       d3,  abs_rel,   sq_rel,     rmse, rmse_log,    log10,    silog
[2024-12-19 18:15:05,989][    INFO]    0.996,    0.999,    1.000,    0.025,    0.001,    0.018,    0.047,    0.011,    0.045
[2024-12-19 18:15:05,989][    INFO] ==========================================================================================

[2024-12-19 18:15:07,514][    INFO] ===========> Epoch: 21/120, d1: 0.996, d2: 0.999, d3: 1.000
[2024-12-19 18:15:07,515][    INFO] ===========> Epoch: 21/120, abs_rel: 0.025, sq_rel: 0.001, rmse: 0.017, rmse_log: 0.047, log10: 0.011, silog: 0.045
[2024-12-19 18:15:08,821][    INFO] Iter: 0/745, LR: 0.0000042, Loss: 0.054
[2024-12-19 18:16:23,197][    INFO] Iter: 100/745, LR: 0.0000042, Loss: 0.033
[2024-12-19 18:17:37,580][    INFO] Iter: 200/745, LR: 0.0000042, Loss: 0.030
[2024-12-19 18:18:51,964][    INFO] Iter: 300/745, LR: 0.0000042, Loss: 0.041
[2024-12-19 18:20:06,344][    INFO] Iter: 400/745, LR: 0.0000042, Loss: 0.068
[2024-12-19 18:21:20,719][    INFO] Iter: 500/745, LR: 0.0000042, Loss: 0.088
[2024-12-19 18:22:35,052][    INFO] Iter: 600/745, LR: 0.0000042, Loss: 0.044
[2024-12-19 18:23:49,419][    INFO] Iter: 700/745, LR: 0.0000042, Loss: 0.049
[2024-12-19 18:27:20,065][    INFO] ==========================================================================================
[2024-12-19 18:27:20,065][    INFO]       d1,       d2,       d3,  abs_rel,   sq_rel,     rmse, rmse_log,    log10,    silog
[2024-12-19 18:27:20,066][    INFO]    0.996,    0.999,    1.000,    0.025,    0.001,    0.017,    0.045,    0.011,    0.044
[2024-12-19 18:27:20,066][    INFO] ==========================================================================================

[2024-12-19 18:27:21,315][    INFO] ===========> Epoch: 22/120, d1: 0.996, d2: 0.999, d3: 1.000
[2024-12-19 18:27:21,316][    INFO] ===========> Epoch: 22/120, abs_rel: 0.025, sq_rel: 0.001, rmse: 0.017, rmse_log: 0.045, log10: 0.011, silog: 0.044
[2024-12-19 18:27:22,599][    INFO] Iter: 0/745, LR: 0.0000042, Loss: 0.049
[2024-12-19 18:28:36,995][    INFO] Iter: 100/745, LR: 0.0000042, Loss: 0.032
[2024-12-19 18:29:51,379][    INFO] Iter: 200/745, LR: 0.0000042, Loss: 0.048
[2024-12-19 18:31:05,676][    INFO] Iter: 300/745, LR: 0.0000042, Loss: 0.047
[2024-12-19 18:32:20,042][    INFO] Iter: 400/745, LR: 0.0000041, Loss: 0.033
[2024-12-19 18:33:34,419][    INFO] Iter: 500/745, LR: 0.0000041, Loss: 0.036
[2024-12-19 18:34:48,730][    INFO] Iter: 600/745, LR: 0.0000041, Loss: 0.031
[2024-12-19 18:36:03,077][    INFO] Iter: 700/745, LR: 0.0000041, Loss: 0.037
[2024-12-19 18:39:33,573][    INFO] ==========================================================================================
[2024-12-19 18:39:33,573][    INFO]       d1,       d2,       d3,  abs_rel,   sq_rel,     rmse, rmse_log,    log10,    silog
[2024-12-19 18:39:33,573][    INFO]    0.992,    0.999,    1.000,    0.061,    0.002,    0.025,    0.076,    0.028,    0.063
[2024-12-19 18:39:33,573][    INFO] ==========================================================================================

[2024-12-19 18:39:35,077][    INFO] ===========> Epoch: 23/120, d1: 0.996, d2: 0.999, d3: 1.000
[2024-12-19 18:39:35,077][    INFO] ===========> Epoch: 23/120, abs_rel: 0.025, sq_rel: 0.001, rmse: 0.017, rmse_log: 0.045, log10: 0.011, silog: 0.044
[2024-12-19 18:39:36,295][    INFO] Iter: 0/745, LR: 0.0000041, Loss: 0.042
[2024-12-19 18:40:50,754][    INFO] Iter: 100/745, LR: 0.0000041, Loss: 0.034
[2024-12-19 18:42:05,224][    INFO] Iter: 200/745, LR: 0.0000041, Loss: 0.045
[2024-12-19 18:43:19,681][    INFO] Iter: 300/745, LR: 0.0000041, Loss: 0.038
[2024-12-19 18:44:34,064][    INFO] Iter: 400/745, LR: 0.0000041, Loss: 0.045
[2024-12-19 18:45:48,411][    INFO] Iter: 500/745, LR: 0.0000041, Loss: 0.045
[2024-12-19 18:47:02,785][    INFO] Iter: 600/745, LR: 0.0000041, Loss: 0.032
[2024-12-19 18:48:17,143][    INFO] Iter: 700/745, LR: 0.0000041, Loss: 0.049
[2024-12-19 18:51:47,509][    INFO] ==========================================================================================
[2024-12-19 18:51:47,509][    INFO]       d1,       d2,       d3,  abs_rel,   sq_rel,     rmse, rmse_log,    log10,    silog
[2024-12-19 18:51:47,510][    INFO]    0.995,    0.999,    1.000,    0.025,    0.001,    0.018,    0.047,    0.011,    0.046
[2024-12-19 18:51:47,510][    INFO] ==========================================================================================

[2024-12-19 18:51:48,199][    INFO] ===========> Epoch: 24/120, d1: 0.996, d2: 0.999, d3: 1.000
[2024-12-19 18:51:48,199][    INFO] ===========> Epoch: 24/120, abs_rel: 0.025, sq_rel: 0.001, rmse: 0.017, rmse_log: 0.045, log10: 0.011, silog: 0.044
[2024-12-19 18:51:49,471][    INFO] Iter: 0/745, LR: 0.0000041, Loss: 0.032
[2024-12-19 18:53:03,858][    INFO] Iter: 100/745, LR: 0.0000041, Loss: 0.030
[2024-12-19 18:54:18,090][    INFO] Iter: 200/745, LR: 0.0000041, Loss: 0.030
[2024-12-19 18:55:32,425][    INFO] Iter: 300/745, LR: 0.0000041, Loss: 0.045
[2024-12-19 18:56:46,769][    INFO] Iter: 400/745, LR: 0.0000041, Loss: 0.032
[2024-12-19 18:58:01,118][    INFO] Iter: 500/745, LR: 0.0000041, Loss: 0.059
[2024-12-19 18:59:15,494][    INFO] Iter: 600/745, LR: 0.0000041, Loss: 0.049
[2024-12-19 19:00:29,832][    INFO] Iter: 700/745, LR: 0.0000041, Loss: 0.030
[2024-12-19 19:04:00,533][    INFO] ==========================================================================================
[2024-12-19 19:04:00,533][    INFO]       d1,       d2,       d3,  abs_rel,   sq_rel,     rmse, rmse_log,    log10,    silog
[2024-12-19 19:04:00,534][    INFO]    0.997,    0.999,    1.000,    0.023,    0.001,    0.016,    0.042,    0.010,    0.042
[2024-12-19 19:04:00,534][    INFO] ==========================================================================================

[2024-12-19 19:04:01,134][    INFO] ===========> Epoch: 25/120, d1: 0.997, d2: 0.999, d3: 1.000
[2024-12-19 19:04:01,134][    INFO] ===========> Epoch: 25/120, abs_rel: 0.023, sq_rel: 0.001, rmse: 0.016, rmse_log: 0.042, log10: 0.010, silog: 0.042
[2024-12-19 19:04:02,321][    INFO] Iter: 0/745, LR: 0.0000041, Loss: 0.035
[2024-12-19 19:05:16,658][    INFO] Iter: 100/745, LR: 0.0000040, Loss: 0.031
[2024-12-19 19:06:31,040][    INFO] Iter: 200/745, LR: 0.0000040, Loss: 0.028
[2024-12-19 19:07:45,329][    INFO] Iter: 300/745, LR: 0.0000040, Loss: 0.040
[2024-12-19 19:08:59,695][    INFO] Iter: 400/745, LR: 0.0000040, Loss: 0.029
[2024-12-19 19:10:14,054][    INFO] Iter: 500/745, LR: 0.0000040, Loss: 0.036
[2024-12-19 19:11:28,426][    INFO] Iter: 600/745, LR: 0.0000040, Loss: 0.059
[2024-12-19 19:12:42,787][    INFO] Iter: 700/745, LR: 0.0000040, Loss: 0.030
[2024-12-19 19:16:13,302][    INFO] ==========================================================================================
[2024-12-19 19:16:13,302][    INFO]       d1,       d2,       d3,  abs_rel,   sq_rel,     rmse, rmse_log,    log10,    silog
[2024-12-19 19:16:13,303][    INFO]    0.994,    0.999,    1.000,    0.027,    0.001,    0.020,    0.051,    0.012,    0.049
[2024-12-19 19:16:13,303][    INFO] ==========================================================================================

[2024-12-19 19:16:14,437][    INFO] ===========> Epoch: 26/120, d1: 0.997, d2: 0.999, d3: 1.000
[2024-12-19 19:16:14,438][    INFO] ===========> Epoch: 26/120, abs_rel: 0.023, sq_rel: 0.001, rmse: 0.016, rmse_log: 0.042, log10: 0.010, silog: 0.042
[2024-12-19 19:16:15,656][    INFO] Iter: 0/745, LR: 0.0000040, Loss: 0.034
[2024-12-19 19:17:29,996][    INFO] Iter: 100/745, LR: 0.0000040, Loss: 0.053
[2024-12-19 19:18:44,359][    INFO] Iter: 200/745, LR: 0.0000040, Loss: 0.035
[2024-12-19 19:19:58,741][    INFO] Iter: 300/745, LR: 0.0000040, Loss: 0.025
[2024-12-19 19:21:12,691][    INFO] Iter: 400/745, LR: 0.0000040, Loss: 0.045
[2024-12-19 19:22:27,034][    INFO] Iter: 500/745, LR: 0.0000040, Loss: 0.035
[2024-12-19 19:23:41,417][    INFO] Iter: 600/745, LR: 0.0000040, Loss: 0.047
[2024-12-19 19:24:55,800][    INFO] Iter: 700/745, LR: 0.0000040, Loss: 0.024
[2024-12-19 19:28:26,461][    INFO] ==========================================================================================
[2024-12-19 19:28:26,461][    INFO]       d1,       d2,       d3,  abs_rel,   sq_rel,     rmse, rmse_log,    log10,    silog
[2024-12-19 19:28:26,462][    INFO]    0.994,    0.999,    1.000,    0.039,    0.001,    0.022,    0.058,    0.017,    0.052
[2024-12-19 19:28:26,462][    INFO] ==========================================================================================

[2024-12-19 19:28:28,188][    INFO] ===========> Epoch: 27/120, d1: 0.997, d2: 0.999, d3: 1.000
[2024-12-19 19:28:28,188][    INFO] ===========> Epoch: 27/120, abs_rel: 0.023, sq_rel: 0.001, rmse: 0.016, rmse_log: 0.042, log10: 0.010, silog: 0.042
[2024-12-19 19:28:29,386][    INFO] Iter: 0/745, LR: 0.0000040, Loss: 0.034
[2024-12-19 19:29:43,757][    INFO] Iter: 100/745, LR: 0.0000040, Loss: 0.028
[2024-12-19 19:30:58,134][    INFO] Iter: 200/745, LR: 0.0000040, Loss: 0.036
[2024-12-19 19:32:12,444][    INFO] Iter: 300/745, LR: 0.0000040, Loss: 0.041
[2024-12-19 19:33:26,898][    INFO] Iter: 400/745, LR: 0.0000040, Loss: 0.056
[2024-12-19 19:34:41,278][    INFO] Iter: 500/745, LR: 0.0000039, Loss: 0.061
[2024-12-19 19:35:55,636][    INFO] Iter: 600/745, LR: 0.0000039, Loss: 0.025
[2024-12-19 19:37:09,985][    INFO] Iter: 700/745, LR: 0.0000039, Loss: 0.035
[2024-12-19 19:40:40,717][    INFO] ==========================================================================================
[2024-12-19 19:40:40,718][    INFO]       d1,       d2,       d3,  abs_rel,   sq_rel,     rmse, rmse_log,    log10,    silog
[2024-12-19 19:40:40,718][    INFO]    0.996,    0.999,    1.000,    0.026,    0.001,    0.019,    0.048,    0.012,    0.046
[2024-12-19 19:40:40,718][    INFO] ==========================================================================================

[2024-12-19 19:40:42,408][    INFO] ===========> Epoch: 28/120, d1: 0.997, d2: 0.999, d3: 1.000
[2024-12-19 19:40:42,409][    INFO] ===========> Epoch: 28/120, abs_rel: 0.023, sq_rel: 0.001, rmse: 0.016, rmse_log: 0.042, log10: 0.010, silog: 0.042
[2024-12-19 19:40:43,639][    INFO] Iter: 0/745, LR: 0.0000039, Loss: 0.029
[2024-12-19 19:41:58,001][    INFO] Iter: 100/745, LR: 0.0000039, Loss: 0.056
[2024-12-19 19:43:12,214][    INFO] Iter: 200/745, LR: 0.0000039, Loss: 0.046
[2024-12-19 19:44:26,599][    INFO] Iter: 300/745, LR: 0.0000039, Loss: 0.044
[2024-12-19 19:45:40,989][    INFO] Iter: 400/745, LR: 0.0000039, Loss: 0.041
[2024-12-19 19:46:55,332][    INFO] Iter: 500/745, LR: 0.0000039, Loss: 0.043
[2024-12-19 19:48:09,703][    INFO] Iter: 600/745, LR: 0.0000039, Loss: 0.031
[2024-12-19 19:49:24,085][    INFO] Iter: 700/745, LR: 0.0000039, Loss: 0.024
[2024-12-19 19:52:54,764][    INFO] ==========================================================================================
[2024-12-19 19:52:54,765][    INFO]       d1,       d2,       d3,  abs_rel,   sq_rel,     rmse, rmse_log,    log10,    silog
[2024-12-19 19:52:54,766][    INFO]    0.997,    0.999,    1.000,    0.024,    0.001,    0.017,    0.043,    0.011,    0.043
[2024-12-19 19:52:54,766][    INFO] ==========================================================================================

[2024-12-19 19:52:55,757][    INFO] ===========> Epoch: 29/120, d1: 0.997, d2: 0.999, d3: 1.000
[2024-12-19 19:52:55,757][    INFO] ===========> Epoch: 29/120, abs_rel: 0.023, sq_rel: 0.001, rmse: 0.016, rmse_log: 0.042, log10: 0.010, silog: 0.042
[2024-12-19 19:52:56,952][    INFO] Iter: 0/745, LR: 0.0000039, Loss: 0.039
[2024-12-19 19:54:11,296][    INFO] Iter: 100/745, LR: 0.0000039, Loss: 0.029
[2024-12-19 19:55:25,647][    INFO] Iter: 200/745, LR: 0.0000039, Loss: 0.029
[2024-12-19 19:56:40,032][    INFO] Iter: 300/745, LR: 0.0000039, Loss: 0.041
[2024-12-19 19:57:54,399][    INFO] Iter: 400/745, LR: 0.0000039, Loss: 0.049
[2024-12-19 19:59:08,739][    INFO] Iter: 500/745, LR: 0.0000039, Loss: 0.053
[2024-12-19 20:00:23,108][    INFO] Iter: 600/745, LR: 0.0000039, Loss: 0.027
[2024-12-19 20:01:37,439][    INFO] Iter: 700/745, LR: 0.0000039, Loss: 0.044
[2024-12-19 20:05:08,114][    INFO] ==========================================================================================
[2024-12-19 20:05:08,114][    INFO]       d1,       d2,       d3,  abs_rel,   sq_rel,     rmse, rmse_log,    log10,    silog
[2024-12-19 20:05:08,115][    INFO]    0.994,    0.999,    1.000,    0.031,    0.001,    0.021,    0.054,    0.014,    0.050
[2024-12-19 20:05:08,115][    INFO] ==========================================================================================

[2024-12-19 20:05:09,881][    INFO] ===========> Epoch: 30/120, d1: 0.997, d2: 0.999, d3: 1.000
[2024-12-19 20:05:09,881][    INFO] ===========> Epoch: 30/120, abs_rel: 0.023, sq_rel: 0.001, rmse: 0.016, rmse_log: 0.042, log10: 0.010, silog: 0.042
[2024-12-19 20:05:11,159][    INFO] Iter: 0/745, LR: 0.0000039, Loss: 0.026
[2024-12-19 20:06:25,529][    INFO] Iter: 100/745, LR: 0.0000039, Loss: 0.042
[2024-12-19 20:07:39,908][    INFO] Iter: 200/745, LR: 0.0000038, Loss: 0.031
[2024-12-19 20:08:54,260][    INFO] Iter: 300/745, LR: 0.0000038, Loss: 0.034
[2024-12-19 20:10:08,619][    INFO] Iter: 400/745, LR: 0.0000038, Loss: 0.027
[2024-12-19 20:11:22,973][    INFO] Iter: 500/745, LR: 0.0000038, Loss: 0.039
[2024-12-19 20:12:37,322][    INFO] Iter: 600/745, LR: 0.0000038, Loss: 0.028
[2024-12-19 20:13:51,668][    INFO] Iter: 700/745, LR: 0.0000038, Loss: 0.029
[2024-12-19 20:17:22,188][    INFO] ==========================================================================================
[2024-12-19 20:17:22,188][    INFO]       d1,       d2,       d3,  abs_rel,   sq_rel,     rmse, rmse_log,    log10,    silog
[2024-12-19 20:17:22,189][    INFO]    0.997,    0.999,    1.000,    0.052,    0.001,    0.017,    0.061,    0.022,    0.055
[2024-12-19 20:17:22,189][    INFO] ==========================================================================================

[2024-12-19 20:17:23,889][    INFO] ===========> Epoch: 31/120, d1: 0.997, d2: 0.999, d3: 1.000
[2024-12-19 20:17:23,890][    INFO] ===========> Epoch: 31/120, abs_rel: 0.023, sq_rel: 0.001, rmse: 0.016, rmse_log: 0.042, log10: 0.010, silog: 0.042
[2024-12-19 20:17:25,165][    INFO] Iter: 0/745, LR: 0.0000038, Loss: 0.045
[2024-12-19 20:18:39,545][    INFO] Iter: 100/745, LR: 0.0000038, Loss: 0.031
[2024-12-19 20:19:54,016][    INFO] Iter: 200/745, LR: 0.0000038, Loss: 0.026
[2024-12-19 20:21:08,426][    INFO] Iter: 300/745, LR: 0.0000038, Loss: 0.043
[2024-12-19 20:22:22,790][    INFO] Iter: 400/745, LR: 0.0000038, Loss: 0.027
[2024-12-19 20:23:37,154][    INFO] Iter: 500/745, LR: 0.0000038, Loss: 0.025
[2024-12-19 20:24:51,489][    INFO] Iter: 600/745, LR: 0.0000038, Loss: 0.021
[2024-12-19 20:26:05,859][    INFO] Iter: 700/745, LR: 0.0000038, Loss: 0.048
[2024-12-19 20:29:36,630][    INFO] ==========================================================================================
[2024-12-19 20:29:36,630][    INFO]       d1,       d2,       d3,  abs_rel,   sq_rel,     rmse, rmse_log,    log10,    silog
[2024-12-19 20:29:36,631][    INFO]    0.995,    0.999,    1.000,    0.038,    0.001,    0.022,    0.057,    0.017,    0.051
[2024-12-19 20:29:36,631][    INFO] ==========================================================================================

[2024-12-19 20:29:38,363][    INFO] ===========> Epoch: 32/120, d1: 0.997, d2: 0.999, d3: 1.000
[2024-12-19 20:29:38,364][    INFO] ===========> Epoch: 32/120, abs_rel: 0.023, sq_rel: 0.001, rmse: 0.016, rmse_log: 0.042, log10: 0.010, silog: 0.042
[2024-12-19 20:29:39,583][    INFO] Iter: 0/745, LR: 0.0000038, Loss: 0.031
[2024-12-19 20:30:54,002][    INFO] Iter: 100/745, LR: 0.0000038, Loss: 0.034
[2024-12-19 20:32:08,358][    INFO] Iter: 200/745, LR: 0.0000038, Loss: 0.030
[2024-12-19 20:33:22,745][    INFO] Iter: 300/745, LR: 0.0000038, Loss: 0.050
[2024-12-19 20:34:37,111][    INFO] Iter: 400/745, LR: 0.0000038, Loss: 0.042
[2024-12-19 20:35:51,471][    INFO] Iter: 500/745, LR: 0.0000038, Loss: 0.050
[2024-12-19 20:37:05,801][    INFO] Iter: 600/745, LR: 0.0000038, Loss: 0.027
[2024-12-19 20:38:20,163][    INFO] Iter: 700/745, LR: 0.0000037, Loss: 0.027
[2024-12-19 20:41:50,792][    INFO] ==========================================================================================
[2024-12-19 20:41:50,792][    INFO]       d1,       d2,       d3,  abs_rel,   sq_rel,     rmse, rmse_log,    log10,    silog
[2024-12-19 20:41:50,793][    INFO]    0.995,    0.999,    1.000,    0.048,    0.001,    0.022,    0.063,    0.021,    0.053
[2024-12-19 20:41:50,793][    INFO] ==========================================================================================

[2024-12-19 20:41:52,487][    INFO] ===========> Epoch: 33/120, d1: 0.997, d2: 0.999, d3: 1.000
[2024-12-19 20:41:52,487][    INFO] ===========> Epoch: 33/120, abs_rel: 0.023, sq_rel: 0.001, rmse: 0.016, rmse_log: 0.042, log10: 0.010, silog: 0.042
[2024-12-19 20:41:53,724][    INFO] Iter: 0/745, LR: 0.0000037, Loss: 0.056
[2024-12-19 20:43:08,137][    INFO] Iter: 100/745, LR: 0.0000037, Loss: 0.058
[2024-12-19 20:44:22,470][    INFO] Iter: 200/745, LR: 0.0000037, Loss: 0.044
[2024-12-19 20:45:36,834][    INFO] Iter: 300/745, LR: 0.0000037, Loss: 0.040
[2024-12-19 20:46:51,214][    INFO] Iter: 400/745, LR: 0.0000037, Loss: 0.027
[2024-12-19 20:48:05,529][    INFO] Iter: 500/745, LR: 0.0000037, Loss: 0.026
[2024-12-19 20:49:19,888][    INFO] Iter: 600/745, LR: 0.0000037, Loss: 0.027
[2024-12-19 20:50:34,266][    INFO] Iter: 700/745, LR: 0.0000037, Loss: 0.025
[2024-12-19 20:54:04,776][    INFO] ==========================================================================================
[2024-12-19 20:54:04,776][    INFO]       d1,       d2,       d3,  abs_rel,   sq_rel,     rmse, rmse_log,    log10,    silog
[2024-12-19 20:54:04,777][    INFO]    0.996,    0.999,    1.000,    0.035,    0.001,    0.019,    0.051,    0.015,    0.046
[2024-12-19 20:54:04,777][    INFO] ==========================================================================================

[2024-12-19 20:54:06,181][    INFO] ===========> Epoch: 34/120, d1: 0.997, d2: 0.999, d3: 1.000
[2024-12-19 20:54:06,181][    INFO] ===========> Epoch: 34/120, abs_rel: 0.023, sq_rel: 0.001, rmse: 0.016, rmse_log: 0.042, log10: 0.010, silog: 0.042
[2024-12-19 20:54:07,441][    INFO] Iter: 0/745, LR: 0.0000037, Loss: 0.020
[2024-12-19 20:55:21,798][    INFO] Iter: 100/745, LR: 0.0000037, Loss: 0.033
[2024-12-19 20:56:36,176][    INFO] Iter: 200/745, LR: 0.0000037, Loss: 0.036
[2024-12-19 20:57:50,537][    INFO] Iter: 300/745, LR: 0.0000037, Loss: 0.027
[2024-12-19 20:59:04,904][    INFO] Iter: 400/745, LR: 0.0000037, Loss: 0.042
[2024-12-19 21:00:19,253][    INFO] Iter: 500/745, LR: 0.0000037, Loss: 0.038
[2024-12-19 21:01:33,604][    INFO] Iter: 600/745, LR: 0.0000037, Loss: 0.034
[2024-12-19 21:02:47,982][    INFO] Iter: 700/745, LR: 0.0000037, Loss: 0.030
[2024-12-19 21:06:18,600][    INFO] ==========================================================================================
[2024-12-19 21:06:18,600][    INFO]       d1,       d2,       d3,  abs_rel,   sq_rel,     rmse, rmse_log,    log10,    silog
[2024-12-19 21:06:18,601][    INFO]    0.996,    0.999,    1.000,    0.023,    0.001,    0.017,    0.044,    0.010,    0.043
[2024-12-19 21:06:18,601][    INFO] ==========================================================================================

[2024-12-19 21:06:20,271][    INFO] ===========> Epoch: 35/120, d1: 0.997, d2: 0.999, d3: 1.000
[2024-12-19 21:06:20,272][    INFO] ===========> Epoch: 35/120, abs_rel: 0.023, sq_rel: 0.001, rmse: 0.016, rmse_log: 0.042, log10: 0.010, silog: 0.042
[2024-12-19 21:06:21,563][    INFO] Iter: 0/745, LR: 0.0000037, Loss: 0.024
[2024-12-19 21:07:35,905][    INFO] Iter: 100/745, LR: 0.0000037, Loss: 0.031
[2024-12-19 21:08:50,236][    INFO] Iter: 200/745, LR: 0.0000037, Loss: 0.058
[2024-12-19 21:10:04,602][    INFO] Iter: 300/745, LR: 0.0000037, Loss: 0.044
[2024-12-19 21:11:18,956][    INFO] Iter: 400/745, LR: 0.0000036, Loss: 0.050
[2024-12-19 21:12:33,326][    INFO] Iter: 500/745, LR: 0.0000036, Loss: 0.052
[2024-12-19 21:13:47,662][    INFO] Iter: 600/745, LR: 0.0000036, Loss: 0.043
[2024-12-19 21:15:02,010][    INFO] Iter: 700/745, LR: 0.0000036, Loss: 0.023
[2024-12-19 21:18:32,555][    INFO] ==========================================================================================
[2024-12-19 21:18:32,555][    INFO]       d1,       d2,       d3,  abs_rel,   sq_rel,     rmse, rmse_log,    log10,    silog
[2024-12-19 21:18:32,556][    INFO]    0.996,    0.999,    1.000,    0.027,    0.001,    0.019,    0.047,    0.012,    0.044
[2024-12-19 21:18:32,556][    INFO] ==========================================================================================

[2024-12-19 21:18:34,238][    INFO] ===========> Epoch: 36/120, d1: 0.997, d2: 0.999, d3: 1.000
[2024-12-19 21:18:34,239][    INFO] ===========> Epoch: 36/120, abs_rel: 0.023, sq_rel: 0.001, rmse: 0.016, rmse_log: 0.042, log10: 0.010, silog: 0.042
[2024-12-19 21:18:35,487][    INFO] Iter: 0/745, LR: 0.0000036, Loss: 0.024
[2024-12-19 21:19:49,915][    INFO] Iter: 100/745, LR: 0.0000036, Loss: 0.029
[2024-12-19 21:21:04,426][    INFO] Iter: 200/745, LR: 0.0000036, Loss: 0.025
[2024-12-19 21:22:18,852][    INFO] Iter: 300/745, LR: 0.0000036, Loss: 0.022
[2024-12-19 21:23:33,204][    INFO] Iter: 400/745, LR: 0.0000036, Loss: 0.023
[2024-12-19 21:24:47,586][    INFO] Iter: 500/745, LR: 0.0000036, Loss: 0.039
[2024-12-19 21:26:01,942][    INFO] Iter: 600/745, LR: 0.0000036, Loss: 0.031
[2024-12-19 21:27:16,319][    INFO] Iter: 700/745, LR: 0.0000036, Loss: 0.030
[2024-12-19 21:30:46,694][    INFO] ==========================================================================================
[2024-12-19 21:30:46,694][    INFO]       d1,       d2,       d3,  abs_rel,   sq_rel,     rmse, rmse_log,    log10,    silog
[2024-12-19 21:30:46,695][    INFO]    0.997,    0.999,    1.000,    0.022,    0.001,    0.017,    0.041,    0.010,    0.040
[2024-12-19 21:30:46,695][    INFO] ==========================================================================================

[2024-12-19 21:30:48,374][    INFO] ===========> Epoch: 37/120, d1: 0.997, d2: 0.999, d3: 1.000
[2024-12-19 21:30:48,374][    INFO] ===========> Epoch: 37/120, abs_rel: 0.022, sq_rel: 0.001, rmse: 0.016, rmse_log: 0.041, log10: 0.010, silog: 0.040
[2024-12-19 21:30:49,673][    INFO] Iter: 0/745, LR: 0.0000036, Loss: 0.026
[2024-12-19 21:32:04,049][    INFO] Iter: 100/745, LR: 0.0000036, Loss: 0.030
[2024-12-19 21:33:18,419][    INFO] Iter: 200/745, LR: 0.0000036, Loss: 0.034
[2024-12-19 21:34:32,787][    INFO] Iter: 300/745, LR: 0.0000036, Loss: 0.017
[2024-12-19 21:35:47,157][    INFO] Iter: 400/745, LR: 0.0000036, Loss: 0.033
[2024-12-19 21:37:01,471][    INFO] Iter: 500/745, LR: 0.0000036, Loss: 0.033
[2024-12-19 21:38:15,816][    INFO] Iter: 600/745, LR: 0.0000036, Loss: 0.041
[2024-12-19 21:39:30,196][    INFO] Iter: 700/745, LR: 0.0000036, Loss: 0.027
[2024-12-19 21:43:00,918][    INFO] ==========================================================================================
[2024-12-19 21:43:00,918][    INFO]       d1,       d2,       d3,  abs_rel,   sq_rel,     rmse, rmse_log,    log10,    silog
[2024-12-19 21:43:00,919][    INFO]    0.997,    0.999,    1.000,    0.022,    0.001,    0.016,    0.040,    0.010,    0.039
[2024-12-19 21:43:00,919][    INFO] ==========================================================================================

[2024-12-19 21:43:02,630][    INFO] ===========> Epoch: 38/120, d1: 0.997, d2: 0.999, d3: 1.000
[2024-12-19 21:43:02,630][    INFO] ===========> Epoch: 38/120, abs_rel: 0.022, sq_rel: 0.001, rmse: 0.016, rmse_log: 0.040, log10: 0.010, silog: 0.039
[2024-12-19 21:43:03,969][    INFO] Iter: 0/745, LR: 0.0000035, Loss: 0.031
[2024-12-19 21:44:18,461][    INFO] Iter: 100/745, LR: 0.0000035, Loss: 0.028
[2024-12-19 21:45:32,958][    INFO] Iter: 200/745, LR: 0.0000035, Loss: 0.022
[2024-12-19 21:46:47,276][    INFO] Iter: 300/745, LR: 0.0000035, Loss: 0.021
[2024-12-19 21:48:01,666][    INFO] Iter: 400/745, LR: 0.0000035, Loss: 0.031
[2024-12-19 21:49:16,020][    INFO] Iter: 500/745, LR: 0.0000035, Loss: 0.036
[2024-12-19 21:50:30,382][    INFO] Iter: 600/745, LR: 0.0000035, Loss: 0.046
[2024-12-19 21:51:44,764][    INFO] Iter: 700/745, LR: 0.0000035, Loss: 0.036
[2024-12-19 21:55:15,226][    INFO] ==========================================================================================
[2024-12-19 21:55:15,226][    INFO]       d1,       d2,       d3,  abs_rel,   sq_rel,     rmse, rmse_log,    log10,    silog
[2024-12-19 21:55:15,227][    INFO]    0.995,    0.999,    1.000,    0.027,    0.001,    0.020,    0.049,    0.012,    0.046
[2024-12-19 21:55:15,227][    INFO] ==========================================================================================

[2024-12-19 21:55:16,925][    INFO] ===========> Epoch: 39/120, d1: 0.997, d2: 0.999, d3: 1.000
[2024-12-19 21:55:16,926][    INFO] ===========> Epoch: 39/120, abs_rel: 0.022, sq_rel: 0.001, rmse: 0.016, rmse_log: 0.040, log10: 0.010, silog: 0.039
[2024-12-19 21:55:18,165][    INFO] Iter: 0/745, LR: 0.0000035, Loss: 0.028
[2024-12-19 21:56:32,593][    INFO] Iter: 100/745, LR: 0.0000035, Loss: 0.024
[2024-12-19 21:57:46,960][    INFO] Iter: 200/745, LR: 0.0000035, Loss: 0.041
[2024-12-19 21:59:01,298][    INFO] Iter: 300/745, LR: 0.0000035, Loss: 0.025
[2024-12-19 22:00:15,657][    INFO] Iter: 400/745, LR: 0.0000035, Loss: 0.026
[2024-12-19 22:01:30,021][    INFO] Iter: 500/745, LR: 0.0000035, Loss: 0.026
[2024-12-19 22:02:44,396][    INFO] Iter: 600/745, LR: 0.0000035, Loss: 0.045
[2024-12-19 22:03:58,703][    INFO] Iter: 700/745, LR: 0.0000035, Loss: 0.035
[2024-12-19 22:07:29,243][    INFO] ==========================================================================================
[2024-12-19 22:07:29,243][    INFO]       d1,       d2,       d3,  abs_rel,   sq_rel,     rmse, rmse_log,    log10,    silog
[2024-12-19 22:07:29,243][    INFO]    0.997,    0.999,    1.000,    0.021,    0.001,    0.017,    0.039,    0.009,    0.038
[2024-12-19 22:07:29,243][    INFO] ==========================================================================================

[2024-12-19 22:07:30,918][    INFO] ===========> Epoch: 40/120, d1: 0.997, d2: 0.999, d3: 1.000
[2024-12-19 22:07:30,919][    INFO] ===========> Epoch: 40/120, abs_rel: 0.021, sq_rel: 0.001, rmse: 0.016, rmse_log: 0.039, log10: 0.009, silog: 0.038
[2024-12-19 22:07:32,151][    INFO] Iter: 0/745, LR: 0.0000035, Loss: 0.041
[2024-12-19 22:08:46,587][    INFO] Iter: 100/745, LR: 0.0000035, Loss: 0.027
[2024-12-19 22:10:00,763][    INFO] Iter: 200/745, LR: 0.0000035, Loss: 0.025
[2024-12-19 22:11:15,130][    INFO] Iter: 300/745, LR: 0.0000035, Loss: 0.025
[2024-12-19 22:12:29,466][    INFO] Iter: 400/745, LR: 0.0000035, Loss: 0.034
[2024-12-19 22:13:43,825][    INFO] Iter: 500/745, LR: 0.0000034, Loss: 0.037
[2024-12-19 22:14:58,222][    INFO] Iter: 600/745, LR: 0.0000034, Loss: 0.035
[2024-12-19 22:16:12,457][    INFO] Iter: 700/745, LR: 0.0000034, Loss: 0.038
[2024-12-19 22:19:43,208][    INFO] ==========================================================================================
[2024-12-19 22:19:43,208][    INFO]       d1,       d2,       d3,  abs_rel,   sq_rel,     rmse, rmse_log,    log10,    silog
[2024-12-19 22:19:43,209][    INFO]    0.996,    0.999,    1.000,    0.022,    0.001,    0.018,    0.043,    0.010,    0.042
[2024-12-19 22:19:43,209][    INFO] ==========================================================================================

[2024-12-19 22:19:44,906][    INFO] ===========> Epoch: 41/120, d1: 0.997, d2: 0.999, d3: 1.000
[2024-12-19 22:19:44,906][    INFO] ===========> Epoch: 41/120, abs_rel: 0.021, sq_rel: 0.001, rmse: 0.016, rmse_log: 0.039, log10: 0.009, silog: 0.038
[2024-12-19 22:19:46,175][    INFO] Iter: 0/745, LR: 0.0000034, Loss: 0.021
[2024-12-19 22:21:00,589][    INFO] Iter: 100/745, LR: 0.0000034, Loss: 0.026
[2024-12-19 22:22:14,983][    INFO] Iter: 200/745, LR: 0.0000034, Loss: 0.022
[2024-12-19 22:23:29,370][    INFO] Iter: 300/745, LR: 0.0000034, Loss: 0.030
[2024-12-19 22:24:43,752][    INFO] Iter: 400/745, LR: 0.0000034, Loss: 0.049
[2024-12-19 22:25:58,123][    INFO] Iter: 500/745, LR: 0.0000034, Loss: 0.032
[2024-12-19 22:27:12,481][    INFO] Iter: 600/745, LR: 0.0000034, Loss: 0.030
[2024-12-19 22:28:26,840][    INFO] Iter: 700/745, LR: 0.0000034, Loss: 0.027
[2024-12-19 22:31:57,365][    INFO] ==========================================================================================
[2024-12-19 22:31:57,366][    INFO]       d1,       d2,       d3,  abs_rel,   sq_rel,     rmse, rmse_log,    log10,    silog
[2024-12-19 22:31:57,366][    INFO]    0.995,    0.999,    1.000,    0.035,    0.001,    0.022,    0.057,    0.016,    0.051
[2024-12-19 22:31:57,366][    INFO] ==========================================================================================

[2024-12-19 22:31:59,122][    INFO] ===========> Epoch: 42/120, d1: 0.997, d2: 0.999, d3: 1.000
[2024-12-19 22:31:59,122][    INFO] ===========> Epoch: 42/120, abs_rel: 0.021, sq_rel: 0.001, rmse: 0.016, rmse_log: 0.039, log10: 0.009, silog: 0.038
[2024-12-19 22:32:00,376][    INFO] Iter: 0/745, LR: 0.0000034, Loss: 0.030
[2024-12-19 22:33:14,855][    INFO] Iter: 100/745, LR: 0.0000034, Loss: 0.027
[2024-12-19 22:34:29,313][    INFO] Iter: 200/745, LR: 0.0000034, Loss: 0.022
[2024-12-19 22:35:43,802][    INFO] Iter: 300/745, LR: 0.0000034, Loss: 0.041
[2024-12-19 22:36:58,276][    INFO] Iter: 400/745, LR: 0.0000034, Loss: 0.042
[2024-12-19 22:38:12,636][    INFO] Iter: 500/745, LR: 0.0000034, Loss: 0.036
[2024-12-19 22:39:26,966][    INFO] Iter: 600/745, LR: 0.0000034, Loss: 0.038
[2024-12-19 22:40:41,350][    INFO] Iter: 700/745, LR: 0.0000034, Loss: 0.025
[2024-12-19 22:44:11,856][    INFO] ==========================================================================================
[2024-12-19 22:44:11,856][    INFO]       d1,       d2,       d3,  abs_rel,   sq_rel,     rmse, rmse_log,    log10,    silog
[2024-12-19 22:44:11,857][    INFO]    0.997,    0.999,    1.000,    0.028,    0.001,    0.017,    0.045,    0.012,    0.041
[2024-12-19 22:44:11,857][    INFO] ==========================================================================================

[2024-12-19 22:44:13,541][    INFO] ===========> Epoch: 43/120, d1: 0.997, d2: 0.999, d3: 1.000
[2024-12-19 22:44:13,541][    INFO] ===========> Epoch: 43/120, abs_rel: 0.021, sq_rel: 0.001, rmse: 0.016, rmse_log: 0.039, log10: 0.009, silog: 0.038
[2024-12-19 22:44:14,783][    INFO] Iter: 0/745, LR: 0.0000034, Loss: 0.039
[2024-12-19 22:45:29,104][    INFO] Iter: 100/745, LR: 0.0000033, Loss: 0.030
[2024-12-19 22:46:43,483][    INFO] Iter: 200/745, LR: 0.0000033, Loss: 0.040
[2024-12-19 22:47:57,852][    INFO] Iter: 300/745, LR: 0.0000033, Loss: 0.022
[2024-12-19 22:49:12,136][    INFO] Iter: 400/745, LR: 0.0000033, Loss: 0.038
[2024-12-19 22:50:26,520][    INFO] Iter: 500/745, LR: 0.0000033, Loss: 0.037
[2024-12-19 22:51:40,886][    INFO] Iter: 600/745, LR: 0.0000033, Loss: 0.041
[2024-12-19 22:52:55,233][    INFO] Iter: 700/745, LR: 0.0000033, Loss: 0.029
[2024-12-19 22:56:25,657][    INFO] ==========================================================================================
[2024-12-19 22:56:25,658][    INFO]       d1,       d2,       d3,  abs_rel,   sq_rel,     rmse, rmse_log,    log10,    silog
[2024-12-19 22:56:25,659][    INFO]    0.997,    0.999,    1.000,    0.020,    0.001,    0.017,    0.041,    0.009,    0.040
[2024-12-19 22:56:25,659][    INFO] ==========================================================================================

[2024-12-19 22:56:27,388][    INFO] ===========> Epoch: 44/120, d1: 0.997, d2: 0.999, d3: 1.000
[2024-12-19 22:56:27,388][    INFO] ===========> Epoch: 44/120, abs_rel: 0.020, sq_rel: 0.001, rmse: 0.016, rmse_log: 0.039, log10: 0.009, silog: 0.038
[2024-12-19 22:56:28,676][    INFO] Iter: 0/745, LR: 0.0000033, Loss: 0.035
[2024-12-19 22:57:43,059][    INFO] Iter: 100/745, LR: 0.0000033, Loss: 0.034
[2024-12-19 22:58:57,405][    INFO] Iter: 200/745, LR: 0.0000033, Loss: 0.036
[2024-12-19 23:00:11,739][    INFO] Iter: 300/745, LR: 0.0000033, Loss: 0.033
[2024-12-19 23:01:26,047][    INFO] Iter: 400/745, LR: 0.0000033, Loss: 0.023
[2024-12-19 23:02:40,173][    INFO] Iter: 500/745, LR: 0.0000033, Loss: 0.046
[2024-12-19 23:03:54,554][    INFO] Iter: 600/745, LR: 0.0000033, Loss: 0.028
[2024-12-19 23:05:08,973][    INFO] Iter: 700/745, LR: 0.0000033, Loss: 0.028
[2024-12-19 23:08:39,589][    INFO] ==========================================================================================
[2024-12-19 23:08:39,589][    INFO]       d1,       d2,       d3,  abs_rel,   sq_rel,     rmse, rmse_log,    log10,    silog
[2024-12-19 23:08:39,590][    INFO]    0.996,    0.999,    1.000,    0.038,    0.001,    0.020,    0.053,    0.017,    0.047
[2024-12-19 23:08:39,590][    INFO] ==========================================================================================

[2024-12-19 23:08:41,289][    INFO] ===========> Epoch: 45/120, d1: 0.997, d2: 0.999, d3: 1.000
[2024-12-19 23:08:41,289][    INFO] ===========> Epoch: 45/120, abs_rel: 0.020, sq_rel: 0.001, rmse: 0.016, rmse_log: 0.039, log10: 0.009, silog: 0.038
[2024-12-19 23:08:42,524][    INFO] Iter: 0/745, LR: 0.0000033, Loss: 0.039
[2024-12-19 23:09:56,994][    INFO] Iter: 100/745, LR: 0.0000033, Loss: 0.023
[2024-12-19 23:11:11,329][    INFO] Iter: 200/745, LR: 0.0000033, Loss: 0.043
[2024-12-19 23:12:25,690][    INFO] Iter: 300/745, LR: 0.0000033, Loss: 0.025
[2024-12-19 23:13:40,053][    INFO] Iter: 400/745, LR: 0.0000033, Loss: 0.025
[2024-12-19 23:14:54,408][    INFO] Iter: 500/745, LR: 0.0000032, Loss: 0.032
[2024-12-19 23:16:08,777][    INFO] Iter: 600/745, LR: 0.0000032, Loss: 0.027
[2024-12-19 23:17:23,164][    INFO] Iter: 700/745, LR: 0.0000032, Loss: 0.028
[2024-12-19 23:20:53,808][    INFO] ==========================================================================================
[2024-12-19 23:20:53,809][    INFO]       d1,       d2,       d3,  abs_rel,   sq_rel,     rmse, rmse_log,    log10,    silog
[2024-12-19 23:20:53,809][    INFO]    0.998,    0.999,    1.000,    0.020,    0.000,    0.015,    0.036,    0.009,    0.036
[2024-12-19 23:20:53,810][    INFO] ==========================================================================================

[2024-12-19 23:20:54,640][    INFO] ===========> Epoch: 46/120, d1: 0.998, d2: 0.999, d3: 1.000
[2024-12-19 23:20:54,641][    INFO] ===========> Epoch: 46/120, abs_rel: 0.020, sq_rel: 0.000, rmse: 0.015, rmse_log: 0.036, log10: 0.009, silog: 0.036
[2024-12-19 23:20:55,882][    INFO] Iter: 0/745, LR: 0.0000032, Loss: 0.025
[2024-12-19 23:22:10,275][    INFO] Iter: 100/745, LR: 0.0000032, Loss: 0.024
[2024-12-19 23:23:24,678][    INFO] Iter: 200/745, LR: 0.0000032, Loss: 0.027
[2024-12-19 23:24:39,012][    INFO] Iter: 300/745, LR: 0.0000032, Loss: 0.024
[2024-12-19 23:25:53,376][    INFO] Iter: 400/745, LR: 0.0000032, Loss: 0.022
[2024-12-19 23:27:07,717][    INFO] Iter: 500/745, LR: 0.0000032, Loss: 0.026
[2024-12-19 23:28:22,046][    INFO] Iter: 600/745, LR: 0.0000032, Loss: 0.033
[2024-12-19 23:29:36,389][    INFO] Iter: 700/745, LR: 0.0000032, Loss: 0.023
[2024-12-19 23:33:07,077][    INFO] ==========================================================================================
[2024-12-19 23:33:07,077][    INFO]       d1,       d2,       d3,  abs_rel,   sq_rel,     rmse, rmse_log,    log10,    silog
[2024-12-19 23:33:07,078][    INFO]    0.996,    0.999,    1.000,    0.035,    0.001,    0.019,    0.051,    0.016,    0.045
[2024-12-19 23:33:07,078][    INFO] ==========================================================================================

[2024-12-19 23:33:07,613][    INFO] ===========> Epoch: 47/120, d1: 0.998, d2: 0.999, d3: 1.000
[2024-12-19 23:33:07,613][    INFO] ===========> Epoch: 47/120, abs_rel: 0.020, sq_rel: 0.000, rmse: 0.015, rmse_log: 0.036, log10: 0.009, silog: 0.036
[2024-12-19 23:33:08,903][    INFO] Iter: 0/745, LR: 0.0000032, Loss: 0.025
[2024-12-19 23:34:23,346][    INFO] Iter: 100/745, LR: 0.0000032, Loss: 0.037
[2024-12-19 23:35:37,745][    INFO] Iter: 200/745, LR: 0.0000032, Loss: 0.026
[2024-12-19 23:36:52,095][    INFO] Iter: 300/745, LR: 0.0000032, Loss: 0.025
[2024-12-19 23:38:06,404][    INFO] Iter: 400/745, LR: 0.0000032, Loss: 0.035
[2024-12-19 23:39:20,851][    INFO] Iter: 500/745, LR: 0.0000032, Loss: 0.031
[2024-12-19 23:40:35,220][    INFO] Iter: 600/745, LR: 0.0000032, Loss: 0.020
[2024-12-19 23:41:49,587][    INFO] Iter: 700/745, LR: 0.0000032, Loss: 0.020
[2024-12-19 23:45:20,231][    INFO] ==========================================================================================
[2024-12-19 23:45:20,231][    INFO]       d1,       d2,       d3,  abs_rel,   sq_rel,     rmse, rmse_log,    log10,    silog
[2024-12-19 23:45:20,231][    INFO]    0.997,    0.999,    1.000,    0.022,    0.001,    0.018,    0.042,    0.010,    0.040
[2024-12-19 23:45:20,231][    INFO] ==========================================================================================

[2024-12-19 23:45:21,062][    INFO] ===========> Epoch: 48/120, d1: 0.998, d2: 0.999, d3: 1.000
[2024-12-19 23:45:21,063][    INFO] ===========> Epoch: 48/120, abs_rel: 0.020, sq_rel: 0.000, rmse: 0.015, rmse_log: 0.036, log10: 0.009, silog: 0.036
[2024-12-19 23:45:22,270][    INFO] Iter: 0/745, LR: 0.0000032, Loss: 0.021
[2024-12-19 23:46:36,723][    INFO] Iter: 100/745, LR: 0.0000032, Loss: 0.025
[2024-12-19 23:47:51,113][    INFO] Iter: 200/745, LR: 0.0000031, Loss: 0.025
[2024-12-19 23:49:05,051][    INFO] Iter: 300/745, LR: 0.0000031, Loss: 0.029
[2024-12-19 23:50:19,220][    INFO] Iter: 400/745, LR: 0.0000031, Loss: 0.025
[2024-12-19 23:51:33,573][    INFO] Iter: 500/745, LR: 0.0000031, Loss: 0.039
[2024-12-19 23:52:47,942][    INFO] Iter: 600/745, LR: 0.0000031, Loss: 0.031
[2024-12-19 23:54:02,317][    INFO] Iter: 700/745, LR: 0.0000031, Loss: 0.044
[2024-12-19 23:57:32,871][    INFO] ==========================================================================================
[2024-12-19 23:57:32,872][    INFO]       d1,       d2,       d3,  abs_rel,   sq_rel,     rmse, rmse_log,    log10,    silog
[2024-12-19 23:57:32,872][    INFO]    0.996,    0.999,    1.000,    0.024,    0.001,    0.018,    0.044,    0.011,    0.041
[2024-12-19 23:57:32,872][    INFO] ==========================================================================================

[2024-12-19 23:57:33,380][    INFO] ===========> Epoch: 49/120, d1: 0.998, d2: 0.999, d3: 1.000
[2024-12-19 23:57:33,380][    INFO] ===========> Epoch: 49/120, abs_rel: 0.020, sq_rel: 0.000, rmse: 0.015, rmse_log: 0.036, log10: 0.009, silog: 0.036
[2024-12-19 23:57:34,644][    INFO] Iter: 0/745, LR: 0.0000031, Loss: 0.022
[2024-12-19 23:58:48,992][    INFO] Iter: 100/745, LR: 0.0000031, Loss: 0.022
[2024-12-20 00:00:03,380][    INFO] Iter: 200/745, LR: 0.0000031, Loss: 0.025
[2024-12-20 00:01:17,745][    INFO] Iter: 300/745, LR: 0.0000031, Loss: 0.027
[2024-12-20 00:02:32,127][    INFO] Iter: 400/745, LR: 0.0000031, Loss: 0.023
[2024-12-20 00:03:46,552][    INFO] Iter: 500/745, LR: 0.0000031, Loss: 0.036
[2024-12-20 00:05:01,032][    INFO] Iter: 600/745, LR: 0.0000031, Loss: 0.024
[2024-12-20 00:06:15,463][    INFO] Iter: 700/745, LR: 0.0000031, Loss: 0.038
[2024-12-20 00:09:46,237][    INFO] ==========================================================================================
[2024-12-20 00:09:46,237][    INFO]       d1,       d2,       d3,  abs_rel,   sq_rel,     rmse, rmse_log,    log10,    silog
[2024-12-20 00:09:46,238][    INFO]    0.997,    0.999,    1.000,    0.026,    0.001,    0.018,    0.044,    0.012,    0.041
[2024-12-20 00:09:46,238][    INFO] ==========================================================================================

[2024-12-20 00:09:47,165][    INFO] ===========> Epoch: 50/120, d1: 0.998, d2: 0.999, d3: 1.000
[2024-12-20 00:09:47,165][    INFO] ===========> Epoch: 50/120, abs_rel: 0.020, sq_rel: 0.000, rmse: 0.015, rmse_log: 0.036, log10: 0.009, silog: 0.036
[2024-12-20 00:09:48,411][    INFO] Iter: 0/745, LR: 0.0000031, Loss: 0.028
[2024-12-20 00:11:02,726][    INFO] Iter: 100/745, LR: 0.0000031, Loss: 0.033
[2024-12-20 00:12:17,153][    INFO] Iter: 200/745, LR: 0.0000031, Loss: 0.020
[2024-12-20 00:13:31,519][    INFO] Iter: 300/745, LR: 0.0000031, Loss: 0.026
[2024-12-20 00:14:45,897][    INFO] Iter: 400/745, LR: 0.0000031, Loss: 0.027
[2024-12-20 00:16:00,274][    INFO] Iter: 500/745, LR: 0.0000031, Loss: 0.035
[2024-12-20 00:17:14,643][    INFO] Iter: 600/745, LR: 0.0000030, Loss: 0.028
[2024-12-20 00:18:28,998][    INFO] Iter: 700/745, LR: 0.0000030, Loss: 0.026
[2024-12-20 00:21:59,657][    INFO] ==========================================================================================
[2024-12-20 00:21:59,657][    INFO]       d1,       d2,       d3,  abs_rel,   sq_rel,     rmse, rmse_log,    log10,    silog
[2024-12-20 00:21:59,658][    INFO]    0.997,    0.999,    1.000,    0.023,    0.001,    0.017,    0.043,    0.010,    0.040
[2024-12-20 00:21:59,658][    INFO] ==========================================================================================

[2024-12-20 00:22:01,067][    INFO] ===========> Epoch: 51/120, d1: 0.998, d2: 0.999, d3: 1.000
[2024-12-20 00:22:01,067][    INFO] ===========> Epoch: 51/120, abs_rel: 0.020, sq_rel: 0.000, rmse: 0.015, rmse_log: 0.036, log10: 0.009, silog: 0.036
[2024-12-20 00:22:02,275][    INFO] Iter: 0/745, LR: 0.0000030, Loss: 0.023
[2024-12-20 00:23:16,685][    INFO] Iter: 100/745, LR: 0.0000030, Loss: 0.028
[2024-12-20 00:24:31,060][    INFO] Iter: 200/745, LR: 0.0000030, Loss: 0.024
[2024-12-20 00:25:45,442][    INFO] Iter: 300/745, LR: 0.0000030, Loss: 0.024
[2024-12-20 00:26:59,824][    INFO] Iter: 400/745, LR: 0.0000030, Loss: 0.020
[2024-12-20 00:28:14,182][    INFO] Iter: 500/745, LR: 0.0000030, Loss: 0.021
[2024-12-20 00:29:28,584][    INFO] Iter: 600/745, LR: 0.0000030, Loss: 0.033
[2024-12-20 00:30:42,910][    INFO] Iter: 700/745, LR: 0.0000030, Loss: 0.036
[2024-12-20 00:34:13,462][    INFO] ==========================================================================================
[2024-12-20 00:34:13,462][    INFO]       d1,       d2,       d3,  abs_rel,   sq_rel,     rmse, rmse_log,    log10,    silog
[2024-12-20 00:34:13,462][    INFO]    0.997,    0.999,    1.000,    0.020,    0.001,    0.016,    0.040,    0.009,    0.039
[2024-12-20 00:34:13,462][    INFO] ==========================================================================================

[2024-12-20 00:34:14,954][    INFO] ===========> Epoch: 52/120, d1: 0.998, d2: 0.999, d3: 1.000
[2024-12-20 00:34:14,954][    INFO] ===========> Epoch: 52/120, abs_rel: 0.020, sq_rel: 0.000, rmse: 0.015, rmse_log: 0.036, log10: 0.009, silog: 0.036
[2024-12-20 00:34:16,227][    INFO] Iter: 0/745, LR: 0.0000030, Loss: 0.025
[2024-12-20 00:35:30,677][    INFO] Iter: 100/745, LR: 0.0000030, Loss: 0.032
[2024-12-20 00:36:45,129][    INFO] Iter: 200/745, LR: 0.0000030, Loss: 0.023
[2024-12-20 00:37:59,490][    INFO] Iter: 300/745, LR: 0.0000030, Loss: 0.017
[2024-12-20 00:39:13,835][    INFO] Iter: 400/745, LR: 0.0000030, Loss: 0.027
[2024-12-20 00:40:28,179][    INFO] Iter: 500/745, LR: 0.0000030, Loss: 0.022
[2024-12-20 00:41:42,535][    INFO] Iter: 600/745, LR: 0.0000030, Loss: 0.037
[2024-12-20 00:42:56,890][    INFO] Iter: 700/745, LR: 0.0000030, Loss: 0.023
[2024-12-20 00:46:27,577][    INFO] ==========================================================================================
[2024-12-20 00:46:27,577][    INFO]       d1,       d2,       d3,  abs_rel,   sq_rel,     rmse, rmse_log,    log10,    silog
[2024-12-20 00:46:27,578][    INFO]    0.997,    0.999,    1.000,    0.023,    0.001,    0.018,    0.042,    0.010,    0.041
[2024-12-20 00:46:27,578][    INFO] ==========================================================================================

[2024-12-20 00:46:29,095][    INFO] ===========> Epoch: 53/120, d1: 0.998, d2: 0.999, d3: 1.000
[2024-12-20 00:46:29,095][    INFO] ===========> Epoch: 53/120, abs_rel: 0.020, sq_rel: 0.000, rmse: 0.015, rmse_log: 0.036, log10: 0.009, silog: 0.036
[2024-12-20 00:46:30,334][    INFO] Iter: 0/745, LR: 0.0000030, Loss: 0.023
[2024-12-20 00:47:44,794][    INFO] Iter: 100/745, LR: 0.0000030, Loss: 0.040
[2024-12-20 00:48:58,928][    INFO] Iter: 200/745, LR: 0.0000029, Loss: 0.030
[2024-12-20 00:50:13,187][    INFO] Iter: 300/745, LR: 0.0000029, Loss: 0.021
[2024-12-20 00:51:27,540][    INFO] Iter: 400/745, LR: 0.0000029, Loss: 0.024
[2024-12-20 00:52:41,884][    INFO] Iter: 500/745, LR: 0.0000029, Loss: 0.031
[2024-12-20 00:53:56,212][    INFO] Iter: 600/745, LR: 0.0000029, Loss: 0.025
[2024-12-20 00:55:10,555][    INFO] Iter: 700/745, LR: 0.0000029, Loss: 0.034
[2024-12-20 00:58:41,273][    INFO] ==========================================================================================
[2024-12-20 00:58:41,273][    INFO]       d1,       d2,       d3,  abs_rel,   sq_rel,     rmse, rmse_log,    log10,    silog
[2024-12-20 00:58:41,274][    INFO]    0.998,    1.000,    1.000,    0.025,    0.001,    0.016,    0.040,    0.011,    0.037
[2024-12-20 00:58:41,274][    INFO] ==========================================================================================

[2024-12-20 00:58:42,920][    INFO] ===========> Epoch: 54/120, d1: 0.998, d2: 1.000, d3: 1.000
[2024-12-20 00:58:42,920][    INFO] ===========> Epoch: 54/120, abs_rel: 0.020, sq_rel: 0.000, rmse: 0.015, rmse_log: 0.036, log10: 0.009, silog: 0.036
[2024-12-20 00:58:44,212][    INFO] Iter: 0/745, LR: 0.0000029, Loss: 0.042
[2024-12-20 00:59:58,689][    INFO] Iter: 100/745, LR: 0.0000029, Loss: 0.021
[2024-12-20 01:01:13,050][    INFO] Iter: 200/745, LR: 0.0000029, Loss: 0.047
[2024-12-20 01:02:27,406][    INFO] Iter: 300/745, LR: 0.0000029, Loss: 0.025
